pos/1.png 1 0 0 64 64
pos/10.png 1 0 0 64 64
pos/100.png 1 0 0 64 64
pos/1000.png 1 0 0 64 64
pos/1001.png 1 0 0 64 64
pos/1002.png 1 0 0 64 64
pos/1003.png 1 0 0 64 64
pos/1004.png 1 0 0 64 64
pos/1005.png 1 0 0 64 64
pos/1006.png 1 0 0 64 64
pos/1007.png 1 0 0 64 64
pos/1008.png 1 0 0 64 64
pos/1009.png 1 0 0 64 64
pos/101.png 1 0 0 64 64
pos/1010.png 1 0 0 64 64
pos/1011.png 1 0 0 64 64
pos/1012.png 1 0 0 64 64
pos/1013.png 1 0 0 64 64
pos/1014.png 1 0 0 64 64
pos/1015.png 1 0 0 64 64
pos/1016.png 1 0 0 64 64
pos/1017.png 1 0 0 64 64
pos/1018.png 1 0 0 64 64
pos/1019.png 1 0 0 64 64
pos/102.png 1 0 0 64 64
pos/1020.png 1 0 0 64 64
pos/1021.png 1 0 0 64 64
pos/1022.png 1 0 0 64 64
pos/1023.png 1 0 0 64 64
pos/1024.png 1 0 0 64 64
pos/1025.png 1 0 0 64 64
pos/1026.png 1 0 0 64 64
pos/1027.png 1 0 0 64 64
pos/1028.png 1 0 0 64 64
pos/1029.png 1 0 0 64 64
pos/103.png 1 0 0 64 64
pos/1030.png 1 0 0 64 64
pos/1031.png 1 0 0 64 64
pos/1032.png 1 0 0 64 64
pos/1033.png 1 0 0 64 64
pos/1034.png 1 0 0 64 64
pos/1035.png 1 0 0 64 64
pos/1036.png 1 0 0 64 64
pos/1037.png 1 0 0 64 64
pos/1038.png 1 0 0 64 64
pos/1039.png 1 0 0 64 64
pos/104.png 1 0 0 64 64
pos/1040.png 1 0 0 64 64
pos/1041.png 1 0 0 64 64
pos/1042.png 1 0 0 64 64
pos/1043.png 1 0 0 64 64
pos/1044.png 1 0 0 64 64
pos/1045.png 1 0 0 64 64
pos/1046.png 1 0 0 64 64
pos/1047.png 1 0 0 64 64
pos/1048.png 1 0 0 64 64
pos/1049.png 1 0 0 64 64
pos/105.png 1 0 0 64 64
pos/1050.png 1 0 0 64 64
pos/1051.png 1 0 0 64 64
pos/1052.png 1 0 0 64 64
pos/1053.png 1 0 0 64 64
pos/1054.png 1 0 0 64 64
pos/1055.png 1 0 0 64 64
pos/1056.png 1 0 0 64 64
pos/1057.png 1 0 0 64 64
pos/1058.png 1 0 0 64 64
pos/1059.png 1 0 0 64 64
pos/106.png 1 0 0 64 64
pos/1060.png 1 0 0 64 64
pos/1061.png 1 0 0 64 64
pos/1062.png 1 0 0 64 64
pos/1063.png 1 0 0 64 64
pos/1064.png 1 0 0 64 64
pos/1065.png 1 0 0 64 64
pos/1066.png 1 0 0 64 64
pos/1067.png 1 0 0 64 64
pos/1068.png 1 0 0 64 64
pos/1069.png 1 0 0 64 64
pos/107.png 1 0 0 64 64
pos/1070.png 1 0 0 64 64
pos/1071.png 1 0 0 64 64
pos/1072.png 1 0 0 64 64
pos/1073.png 1 0 0 64 64
pos/1074.png 1 0 0 64 64
pos/1075.png 1 0 0 64 64
pos/1076.png 1 0 0 64 64
pos/1077.png 1 0 0 64 64
pos/1078.png 1 0 0 64 64
pos/1079.png 1 0 0 64 64
pos/108.png 1 0 0 64 64
pos/1080.png 1 0 0 64 64
pos/1081.png 1 0 0 64 64
pos/1082.png 1 0 0 64 64
pos/1083.png 1 0 0 64 64
pos/1084.png 1 0 0 64 64
pos/1085.png 1 0 0 64 64
pos/1086.png 1 0 0 64 64
pos/1087.png 1 0 0 64 64
pos/1088.png 1 0 0 64 64
pos/1089.png 1 0 0 64 64
pos/109.png 1 0 0 64 64
pos/1090.png 1 0 0 64 64
pos/1091.png 1 0 0 64 64
pos/1092.png 1 0 0 64 64
pos/1093.png 1 0 0 64 64
pos/1094.png 1 0 0 64 64
pos/1095.png 1 0 0 64 64
pos/1096.png 1 0 0 64 64
pos/1097.png 1 0 0 64 64
pos/1098.png 1 0 0 64 64
pos/1099.png 1 0 0 64 64
pos/11.png 1 0 0 64 64
pos/110.png 1 0 0 64 64
pos/1100.png 1 0 0 64 64
pos/1101.png 1 0 0 64 64
pos/1102.png 1 0 0 64 64
pos/1103.png 1 0 0 64 64
pos/1104.png 1 0 0 64 64
pos/1105.png 1 0 0 64 64
pos/1106.png 1 0 0 64 64
pos/1107.png 1 0 0 64 64
pos/1108.png 1 0 0 64 64
pos/1109.png 1 0 0 64 64
pos/111.png 1 0 0 64 64
pos/1110.png 1 0 0 64 64
pos/1111.png 1 0 0 64 64
pos/1112.png 1 0 0 64 64
pos/1113.png 1 0 0 64 64
pos/1114.png 1 0 0 64 64
pos/1115.png 1 0 0 64 64
pos/1116.png 1 0 0 64 64
pos/1117.png 1 0 0 64 64
pos/1118.png 1 0 0 64 64
pos/1119.png 1 0 0 64 64
pos/112.png 1 0 0 64 64
pos/1120.png 1 0 0 64 64
pos/1121.png 1 0 0 64 64
pos/1122.png 1 0 0 64 64
pos/1123.png 1 0 0 64 64
pos/1124.png 1 0 0 64 64
pos/1125.png 1 0 0 64 64
pos/1126.png 1 0 0 64 64
pos/1127.png 1 0 0 64 64
pos/1128.png 1 0 0 64 64
pos/1129.png 1 0 0 64 64
pos/113.png 1 0 0 64 64
pos/1130.png 1 0 0 64 64
pos/1131.png 1 0 0 64 64
pos/1132.png 1 0 0 64 64
pos/1133.png 1 0 0 64 64
pos/1134.png 1 0 0 64 64
pos/1135.png 1 0 0 64 64
pos/1136.png 1 0 0 64 64
pos/1137.png 1 0 0 64 64
pos/1138.png 1 0 0 64 64
pos/1139.png 1 0 0 64 64
pos/114.png 1 0 0 64 64
pos/1140.png 1 0 0 64 64
pos/1141.png 1 0 0 64 64
pos/1142.png 1 0 0 64 64
pos/1143.png 1 0 0 64 64
pos/1144.png 1 0 0 64 64
pos/1145.png 1 0 0 64 64
pos/1146.png 1 0 0 64 64
pos/1147.png 1 0 0 64 64
pos/1148.png 1 0 0 64 64
pos/1149.png 1 0 0 64 64
pos/115.png 1 0 0 64 64
pos/1150.png 1 0 0 64 64
pos/1151.png 1 0 0 64 64
pos/1152.png 1 0 0 64 64
pos/1153.png 1 0 0 64 64
pos/1154.png 1 0 0 64 64
pos/1155.png 1 0 0 64 64
pos/1156.png 1 0 0 64 64
pos/1157.png 1 0 0 64 64
pos/1158.png 1 0 0 64 64
pos/1159.png 1 0 0 64 64
pos/116.png 1 0 0 64 64
pos/1160.png 1 0 0 64 64
pos/1161.png 1 0 0 64 64
pos/1162.png 1 0 0 64 64
pos/1163.png 1 0 0 64 64
pos/1164.png 1 0 0 64 64
pos/1165.png 1 0 0 64 64
pos/1166.png 1 0 0 64 64
pos/1167.png 1 0 0 64 64
pos/1168.png 1 0 0 64 64
pos/1169.png 1 0 0 64 64
pos/117.png 1 0 0 64 64
pos/1170.png 1 0 0 64 64
pos/1171.png 1 0 0 64 64
pos/1172.png 1 0 0 64 64
pos/1173.png 1 0 0 64 64
pos/1174.png 1 0 0 64 64
pos/1175.png 1 0 0 64 64
pos/1176.png 1 0 0 64 64
pos/1177.png 1 0 0 64 64
pos/1178.png 1 0 0 64 64
pos/1179.png 1 0 0 64 64
pos/118.png 1 0 0 64 64
pos/1180.png 1 0 0 64 64
pos/1181.png 1 0 0 64 64
pos/1182.png 1 0 0 64 64
pos/1183.png 1 0 0 64 64
pos/1184.png 1 0 0 64 64
pos/1185.png 1 0 0 64 64
pos/1186.png 1 0 0 64 64
pos/1187.png 1 0 0 64 64
pos/1188.png 1 0 0 64 64
pos/1189.png 1 0 0 64 64
pos/119.png 1 0 0 64 64
pos/1190.png 1 0 0 64 64
pos/1191.png 1 0 0 64 64
pos/1192.png 1 0 0 64 64
pos/1193.png 1 0 0 64 64
pos/1194.png 1 0 0 64 64
pos/1195.png 1 0 0 64 64
pos/1196.png 1 0 0 64 64
pos/1197.png 1 0 0 64 64
pos/1198.png 1 0 0 64 64
pos/1199.png 1 0 0 64 64
pos/12.png 1 0 0 64 64
pos/120.png 1 0 0 64 64
pos/1200.png 1 0 0 64 64
pos/1201.png 1 0 0 64 64
pos/1202.png 1 0 0 64 64
pos/1203.png 1 0 0 64 64
pos/1204.png 1 0 0 64 64
pos/1205.png 1 0 0 64 64
pos/1206.png 1 0 0 64 64
pos/1207.png 1 0 0 64 64
pos/1208.png 1 0 0 64 64
pos/1209.png 1 0 0 64 64
pos/121.png 1 0 0 64 64
pos/1210.png 1 0 0 64 64
pos/1211.png 1 0 0 64 64
pos/1212.png 1 0 0 64 64
pos/1213.png 1 0 0 64 64
pos/1214.png 1 0 0 64 64
pos/1215.png 1 0 0 64 64
pos/1216.png 1 0 0 64 64
pos/1217.png 1 0 0 64 64
pos/1218.png 1 0 0 64 64
pos/1219.png 1 0 0 64 64
pos/122.png 1 0 0 64 64
pos/1220.png 1 0 0 64 64
pos/1221.png 1 0 0 64 64
pos/1222.png 1 0 0 64 64
pos/1223.png 1 0 0 64 64
pos/1224.png 1 0 0 64 64
pos/1225.png 1 0 0 64 64
pos/1226.png 1 0 0 64 64
pos/1227.png 1 0 0 64 64
pos/1228.png 1 0 0 64 64
pos/1229.png 1 0 0 64 64
pos/123.png 1 0 0 64 64
pos/1230.png 1 0 0 64 64
pos/1231.png 1 0 0 64 64
pos/1232.png 1 0 0 64 64
pos/1233.png 1 0 0 64 64
pos/1234.png 1 0 0 64 64
pos/1235.png 1 0 0 64 64
pos/1236.png 1 0 0 64 64
pos/1237.png 1 0 0 64 64
pos/1238.png 1 0 0 64 64
pos/1239.png 1 0 0 64 64
pos/124.png 1 0 0 64 64
pos/1240.png 1 0 0 64 64
pos/1241.png 1 0 0 64 64
pos/1242.png 1 0 0 64 64
pos/1243.png 1 0 0 64 64
pos/1244.png 1 0 0 64 64
pos/1245.png 1 0 0 64 64
pos/1246.png 1 0 0 64 64
pos/1247.png 1 0 0 64 64
pos/1248.png 1 0 0 64 64
pos/1249.png 1 0 0 64 64
pos/125.png 1 0 0 64 64
pos/1250.png 1 0 0 64 64
pos/1251.png 1 0 0 64 64
pos/1252.png 1 0 0 64 64
pos/1253.png 1 0 0 64 64
pos/1254.png 1 0 0 64 64
pos/1255.png 1 0 0 64 64
pos/1256.png 1 0 0 64 64
pos/1257.png 1 0 0 64 64
pos/1258.png 1 0 0 64 64
pos/1259.png 1 0 0 64 64
pos/126.png 1 0 0 64 64
pos/1260.png 1 0 0 64 64
pos/1261.png 1 0 0 64 64
pos/1262.png 1 0 0 64 64
pos/1263.png 1 0 0 64 64
pos/1264.png 1 0 0 64 64
pos/1265.png 1 0 0 64 64
pos/1266.png 1 0 0 64 64
pos/1267.png 1 0 0 64 64
pos/1268.png 1 0 0 64 64
pos/1269.png 1 0 0 64 64
pos/127.png 1 0 0 64 64
pos/1270.png 1 0 0 64 64
pos/1271.png 1 0 0 64 64
pos/1272.png 1 0 0 64 64
pos/1273.png 1 0 0 64 64
pos/1274.png 1 0 0 64 64
pos/1275.png 1 0 0 64 64
pos/1276.png 1 0 0 64 64
pos/1277.png 1 0 0 64 64
pos/1278.png 1 0 0 64 64
pos/1279.png 1 0 0 64 64
pos/128.png 1 0 0 64 64
pos/1280.png 1 0 0 64 64
pos/1281.png 1 0 0 64 64
pos/1282.png 1 0 0 64 64
pos/1283.png 1 0 0 64 64
pos/1284.png 1 0 0 64 64
pos/1285.png 1 0 0 64 64
pos/1286.png 1 0 0 64 64
pos/1287.png 1 0 0 64 64
pos/1288.png 1 0 0 64 64
pos/1289.png 1 0 0 64 64
pos/129.png 1 0 0 64 64
pos/1290.png 1 0 0 64 64
pos/1291.png 1 0 0 64 64
pos/1292.png 1 0 0 64 64
pos/1293.png 1 0 0 64 64
pos/1294.png 1 0 0 64 64
pos/1295.png 1 0 0 64 64
pos/1296.png 1 0 0 64 64
pos/1297.png 1 0 0 64 64
pos/1298.png 1 0 0 64 64
pos/1299.png 1 0 0 64 64
pos/13.png 1 0 0 64 64
pos/130.png 1 0 0 64 64
pos/1300.png 1 0 0 64 64
pos/1301.png 1 0 0 64 64
pos/1302.png 1 0 0 64 64
pos/1303.png 1 0 0 64 64
pos/1304.png 1 0 0 64 64
pos/1305.png 1 0 0 64 64
pos/1306.png 1 0 0 64 64
pos/1307.png 1 0 0 64 64
pos/1308.png 1 0 0 64 64
pos/1309.png 1 0 0 64 64
pos/131.png 1 0 0 64 64
pos/1310.png 1 0 0 64 64
pos/1311.png 1 0 0 64 64
pos/1312.png 1 0 0 64 64
pos/1313.png 1 0 0 64 64
pos/1314.png 1 0 0 64 64
pos/1315.png 1 0 0 64 64
pos/1316.png 1 0 0 64 64
pos/1317.png 1 0 0 64 64
pos/1318.png 1 0 0 64 64
pos/1319.png 1 0 0 64 64
pos/132.png 1 0 0 64 64
pos/1320.png 1 0 0 64 64
pos/1321.png 1 0 0 64 64
pos/1322.png 1 0 0 64 64
pos/1323.png 1 0 0 64 64
pos/1324.png 1 0 0 64 64
pos/1325.png 1 0 0 64 64
pos/1326.png 1 0 0 64 64
pos/1327.png 1 0 0 64 64
pos/1328.png 1 0 0 64 64
pos/1329.png 1 0 0 64 64
pos/133.png 1 0 0 64 64
pos/1330.png 1 0 0 64 64
pos/1331.png 1 0 0 64 64
pos/1332.png 1 0 0 64 64
pos/1333.png 1 0 0 64 64
pos/1334.png 1 0 0 64 64
pos/1335.png 1 0 0 64 64
pos/1336.png 1 0 0 64 64
pos/1337.png 1 0 0 64 64
pos/1338.png 1 0 0 64 64
pos/1339.png 1 0 0 64 64
pos/134.png 1 0 0 64 64
pos/1340.png 1 0 0 64 64
pos/1341.png 1 0 0 64 64
pos/1342.png 1 0 0 64 64
pos/1343.png 1 0 0 64 64
pos/1344.png 1 0 0 64 64
pos/1345.png 1 0 0 64 64
pos/1346.png 1 0 0 64 64
pos/1347.png 1 0 0 64 64
pos/1348.png 1 0 0 64 64
pos/1349.png 1 0 0 64 64
pos/135.png 1 0 0 64 64
pos/1350.png 1 0 0 64 64
pos/1351.png 1 0 0 64 64
pos/1352.png 1 0 0 64 64
pos/1353.png 1 0 0 64 64
pos/1354.png 1 0 0 64 64
pos/1355.png 1 0 0 64 64
pos/1356.png 1 0 0 64 64
pos/1357.png 1 0 0 64 64
pos/1358.png 1 0 0 64 64
pos/1359.png 1 0 0 64 64
pos/136.png 1 0 0 64 64
pos/1360.png 1 0 0 64 64
pos/1361.png 1 0 0 64 64
pos/1362.png 1 0 0 64 64
pos/1363.png 1 0 0 64 64
pos/1364.png 1 0 0 64 64
pos/1365.png 1 0 0 64 64
pos/1366.png 1 0 0 64 64
pos/1367.png 1 0 0 64 64
pos/1368.png 1 0 0 64 64
pos/1369.png 1 0 0 64 64
pos/137.png 1 0 0 64 64
pos/1370.png 1 0 0 64 64
pos/1371.png 1 0 0 64 64
pos/1372.png 1 0 0 64 64
pos/1373.png 1 0 0 64 64
pos/1374.png 1 0 0 64 64
pos/1375.png 1 0 0 64 64
pos/1376.png 1 0 0 64 64
pos/1377.png 1 0 0 64 64
pos/1378.png 1 0 0 64 64
pos/1379.png 1 0 0 64 64
pos/138.png 1 0 0 64 64
pos/1380.png 1 0 0 64 64
pos/1381.png 1 0 0 64 64
pos/1382.png 1 0 0 64 64
pos/1383.png 1 0 0 64 64
pos/1384.png 1 0 0 64 64
pos/1385.png 1 0 0 64 64
pos/1386.png 1 0 0 64 64
pos/1387.png 1 0 0 64 64
pos/1388.png 1 0 0 64 64
pos/1389.png 1 0 0 64 64
pos/139.png 1 0 0 64 64
pos/1390.png 1 0 0 64 64
pos/1391.png 1 0 0 64 64
pos/1392.png 1 0 0 64 64
pos/1393.png 1 0 0 64 64
pos/1394.png 1 0 0 64 64
pos/1395.png 1 0 0 64 64
pos/1396.png 1 0 0 64 64
pos/1397.png 1 0 0 64 64
pos/1398.png 1 0 0 64 64
pos/1399.png 1 0 0 64 64
pos/14.png 1 0 0 64 64
pos/140.png 1 0 0 64 64
pos/1400.png 1 0 0 64 64
pos/1401.png 1 0 0 64 64
pos/1402.png 1 0 0 64 64
pos/1403.png 1 0 0 64 64
pos/1404.png 1 0 0 64 64
pos/1405.png 1 0 0 64 64
pos/1406.png 1 0 0 64 64
pos/1407.png 1 0 0 64 64
pos/1408.png 1 0 0 64 64
pos/1409.png 1 0 0 64 64
pos/141.png 1 0 0 64 64
pos/1410.png 1 0 0 64 64
pos/1411.png 1 0 0 64 64
pos/1412.png 1 0 0 64 64
pos/1413.png 1 0 0 64 64
pos/1414.png 1 0 0 64 64
pos/1415.png 1 0 0 64 64
pos/1416.png 1 0 0 64 64
pos/1417.png 1 0 0 64 64
pos/1418.png 1 0 0 64 64
pos/1419.png 1 0 0 64 64
pos/142.png 1 0 0 64 64
pos/1420.png 1 0 0 64 64
pos/1421.png 1 0 0 64 64
pos/1422.png 1 0 0 64 64
pos/1423.png 1 0 0 64 64
pos/1424.png 1 0 0 64 64
pos/1425.png 1 0 0 64 64
pos/1426.png 1 0 0 64 64
pos/1427.png 1 0 0 64 64
pos/1428.png 1 0 0 64 64
pos/1429.png 1 0 0 64 64
pos/143.png 1 0 0 64 64
pos/1430.png 1 0 0 64 64
pos/1431.png 1 0 0 64 64
pos/1432.png 1 0 0 64 64
pos/1433.png 1 0 0 64 64
pos/1434.png 1 0 0 64 64
pos/1435.png 1 0 0 64 64
pos/1436.png 1 0 0 64 64
pos/1437.png 1 0 0 64 64
pos/1438.png 1 0 0 64 64
pos/1439.png 1 0 0 64 64
pos/144.png 1 0 0 64 64
pos/1440.png 1 0 0 64 64
pos/1441.png 1 0 0 64 64
pos/1442.png 1 0 0 64 64
pos/1443.png 1 0 0 64 64
pos/1444.png 1 0 0 64 64
pos/1445.png 1 0 0 64 64
pos/1446.png 1 0 0 64 64
pos/1447.png 1 0 0 64 64
pos/1448.png 1 0 0 64 64
pos/1449.png 1 0 0 64 64
pos/145.png 1 0 0 64 64
pos/1450.png 1 0 0 64 64
pos/1451.png 1 0 0 64 64
pos/1452.png 1 0 0 64 64
pos/1453.png 1 0 0 64 64
pos/1454.png 1 0 0 64 64
pos/1455.png 1 0 0 64 64
pos/1456.png 1 0 0 64 64
pos/1457.png 1 0 0 64 64
pos/1458.png 1 0 0 64 64
pos/1459.png 1 0 0 64 64
pos/146.png 1 0 0 64 64
pos/1460.png 1 0 0 64 64
pos/1461.png 1 0 0 64 64
pos/1462.png 1 0 0 64 64
pos/1463.png 1 0 0 64 64
pos/1464.png 1 0 0 64 64
pos/1465.png 1 0 0 64 64
pos/1466.png 1 0 0 64 64
pos/1467.png 1 0 0 64 64
pos/1468.png 1 0 0 64 64
pos/1469.png 1 0 0 64 64
pos/147.png 1 0 0 64 64
pos/1470.png 1 0 0 64 64
pos/1471.png 1 0 0 64 64
pos/1472.png 1 0 0 64 64
pos/1473.png 1 0 0 64 64
pos/1474.png 1 0 0 64 64
pos/1475.png 1 0 0 64 64
pos/1476.png 1 0 0 64 64
pos/1477.png 1 0 0 64 64
pos/1478.png 1 0 0 64 64
pos/1479.png 1 0 0 64 64
pos/148.png 1 0 0 64 64
pos/1480.png 1 0 0 64 64
pos/1481.png 1 0 0 64 64
pos/1482.png 1 0 0 64 64
pos/1483.png 1 0 0 64 64
pos/1484.png 1 0 0 64 64
pos/1485.png 1 0 0 64 64
pos/1486.png 1 0 0 64 64
pos/1487.png 1 0 0 64 64
pos/1488.png 1 0 0 64 64
pos/1489.png 1 0 0 64 64
pos/149.png 1 0 0 64 64
pos/1490.png 1 0 0 64 64
pos/1491.png 1 0 0 64 64
pos/1492.png 1 0 0 64 64
pos/1493.png 1 0 0 64 64
pos/1494.png 1 0 0 64 64
pos/1495.png 1 0 0 64 64
pos/1496.png 1 0 0 64 64
pos/1497.png 1 0 0 64 64
pos/1498.png 1 0 0 64 64
pos/1499.png 1 0 0 64 64
pos/15.png 1 0 0 64 64
pos/150.png 1 0 0 64 64
pos/1500.png 1 0 0 64 64
pos/1501.png 1 0 0 64 64
pos/1502.png 1 0 0 64 64
pos/1503.png 1 0 0 64 64
pos/1504.png 1 0 0 64 64
pos/1505.png 1 0 0 64 64
pos/1506.png 1 0 0 64 64
pos/1507.png 1 0 0 64 64
pos/1508.png 1 0 0 64 64
pos/1509.png 1 0 0 64 64
pos/151.png 1 0 0 64 64
pos/1510.png 1 0 0 64 64
pos/1511.png 1 0 0 64 64
pos/1512.png 1 0 0 64 64
pos/1513.png 1 0 0 64 64
pos/1514.png 1 0 0 64 64
pos/1515.png 1 0 0 64 64
pos/1516.png 1 0 0 64 64
pos/1517.png 1 0 0 64 64
pos/1518.png 1 0 0 64 64
pos/1519.png 1 0 0 64 64
pos/152.png 1 0 0 64 64
pos/1520.png 1 0 0 64 64
pos/1521.png 1 0 0 64 64
pos/1522.png 1 0 0 64 64
pos/1523.png 1 0 0 64 64
pos/1524.png 1 0 0 64 64
pos/1525.png 1 0 0 64 64
pos/1526.png 1 0 0 64 64
pos/1527.png 1 0 0 64 64
pos/1528.png 1 0 0 64 64
pos/1529.png 1 0 0 64 64
pos/153.png 1 0 0 64 64
pos/1530.png 1 0 0 64 64
pos/1531.png 1 0 0 64 64
pos/1532.png 1 0 0 64 64
pos/1533.png 1 0 0 64 64
pos/1534.png 1 0 0 64 64
pos/1535.png 1 0 0 64 64
pos/1536.png 1 0 0 64 64
pos/1537.png 1 0 0 64 64
pos/1538.png 1 0 0 64 64
pos/1539.png 1 0 0 64 64
pos/154.png 1 0 0 64 64
pos/1540.png 1 0 0 64 64
pos/1541.png 1 0 0 64 64
pos/1542.png 1 0 0 64 64
pos/1543.png 1 0 0 64 64
pos/1544.png 1 0 0 64 64
pos/1545.png 1 0 0 64 64
pos/1546.png 1 0 0 64 64
pos/1547.png 1 0 0 64 64
pos/1548.png 1 0 0 64 64
pos/1549.png 1 0 0 64 64
pos/155.png 1 0 0 64 64
pos/1550.png 1 0 0 64 64
pos/1551.png 1 0 0 64 64
pos/1552.png 1 0 0 64 64
pos/1553.png 1 0 0 64 64
pos/1554.png 1 0 0 64 64
pos/1555.png 1 0 0 64 64
pos/1556.png 1 0 0 64 64
pos/1557.png 1 0 0 64 64
pos/1558.png 1 0 0 64 64
pos/1559.png 1 0 0 64 64
pos/156.png 1 0 0 64 64
pos/1560.png 1 0 0 64 64
pos/1561.png 1 0 0 64 64
pos/1562.png 1 0 0 64 64
pos/1563.png 1 0 0 64 64
pos/1564.png 1 0 0 64 64
pos/1565.png 1 0 0 64 64
pos/1566.png 1 0 0 64 64
pos/1567.png 1 0 0 64 64
pos/1568.png 1 0 0 64 64
pos/1569.png 1 0 0 64 64
pos/157.png 1 0 0 64 64
pos/1570.png 1 0 0 64 64
pos/1571.png 1 0 0 64 64
pos/1572.png 1 0 0 64 64
pos/1573.png 1 0 0 64 64
pos/1574.png 1 0 0 64 64
pos/1575.png 1 0 0 64 64
pos/1576.png 1 0 0 64 64
pos/1577.png 1 0 0 64 64
pos/1578.png 1 0 0 64 64
pos/1579.png 1 0 0 64 64
pos/158.png 1 0 0 64 64
pos/1580.png 1 0 0 64 64
pos/1581.png 1 0 0 64 64
pos/1582.png 1 0 0 64 64
pos/1583.png 1 0 0 64 64
pos/1584.png 1 0 0 64 64
pos/1585.png 1 0 0 64 64
pos/1586.png 1 0 0 64 64
pos/1587.png 1 0 0 64 64
pos/1588.png 1 0 0 64 64
pos/1589.png 1 0 0 64 64
pos/159.png 1 0 0 64 64
pos/1590.png 1 0 0 64 64
pos/1591.png 1 0 0 64 64
pos/1592.png 1 0 0 64 64
pos/1593.png 1 0 0 64 64
pos/1594.png 1 0 0 64 64
pos/1595.png 1 0 0 64 64
pos/1596.png 1 0 0 64 64
pos/1597.png 1 0 0 64 64
pos/1598.png 1 0 0 64 64
pos/1599.png 1 0 0 64 64
pos/16.png 1 0 0 64 64
pos/160.png 1 0 0 64 64
pos/1600.png 1 0 0 64 64
pos/1601.png 1 0 0 64 64
pos/1602.png 1 0 0 64 64
pos/1603.png 1 0 0 64 64
pos/1604.png 1 0 0 64 64
pos/1605.png 1 0 0 64 64
pos/1606.png 1 0 0 64 64
pos/1607.png 1 0 0 64 64
pos/1608.png 1 0 0 64 64
pos/1609.png 1 0 0 64 64
pos/161.png 1 0 0 64 64
pos/1610.png 1 0 0 64 64
pos/1611.png 1 0 0 64 64
pos/1612.png 1 0 0 64 64
pos/1613.png 1 0 0 64 64
pos/1614.png 1 0 0 64 64
pos/1615.png 1 0 0 64 64
pos/1616.png 1 0 0 64 64
pos/1617.png 1 0 0 64 64
pos/1618.png 1 0 0 64 64
pos/1619.png 1 0 0 64 64
pos/162.png 1 0 0 64 64
pos/1620.png 1 0 0 64 64
pos/1621.png 1 0 0 64 64
pos/1622.png 1 0 0 64 64
pos/1623.png 1 0 0 64 64
pos/1624.png 1 0 0 64 64
pos/1625.png 1 0 0 64 64
pos/1626.png 1 0 0 64 64
pos/1627.png 1 0 0 64 64
pos/1628.png 1 0 0 64 64
pos/1629.png 1 0 0 64 64
pos/163.png 1 0 0 64 64
pos/1630.png 1 0 0 64 64
pos/1631.png 1 0 0 64 64
pos/1632.png 1 0 0 64 64
pos/1633.png 1 0 0 64 64
pos/1634.png 1 0 0 64 64
pos/1635.png 1 0 0 64 64
pos/1636.png 1 0 0 64 64
pos/1637.png 1 0 0 64 64
pos/1638.png 1 0 0 64 64
pos/1639.png 1 0 0 64 64
pos/164.png 1 0 0 64 64
pos/1640.png 1 0 0 64 64
pos/1641.png 1 0 0 64 64
pos/1642.png 1 0 0 64 64
pos/1643.png 1 0 0 64 64
pos/1644.png 1 0 0 64 64
pos/1645.png 1 0 0 64 64
pos/1646.png 1 0 0 64 64
pos/1647.png 1 0 0 64 64
pos/1648.png 1 0 0 64 64
pos/1649.png 1 0 0 64 64
pos/165.png 1 0 0 64 64
pos/1650.png 1 0 0 64 64
pos/1651.png 1 0 0 64 64
pos/1652.png 1 0 0 64 64
pos/1653.png 1 0 0 64 64
pos/1654.png 1 0 0 64 64
pos/1655.png 1 0 0 64 64
pos/1656.png 1 0 0 64 64
pos/1657.png 1 0 0 64 64
pos/1658.png 1 0 0 64 64
pos/1659.png 1 0 0 64 64
pos/166.png 1 0 0 64 64
pos/1660.png 1 0 0 64 64
pos/1661.png 1 0 0 64 64
pos/1662.png 1 0 0 64 64
pos/1663.png 1 0 0 64 64
pos/1664.png 1 0 0 64 64
pos/1665.png 1 0 0 64 64
pos/1666.png 1 0 0 64 64
pos/1667.png 1 0 0 64 64
pos/1668.png 1 0 0 64 64
pos/1669.png 1 0 0 64 64
pos/167.png 1 0 0 64 64
pos/1670.png 1 0 0 64 64
pos/1671.png 1 0 0 64 64
pos/1672.png 1 0 0 64 64
pos/1673.png 1 0 0 64 64
pos/1674.png 1 0 0 64 64
pos/1675.png 1 0 0 64 64
pos/1676.png 1 0 0 64 64
pos/1677.png 1 0 0 64 64
pos/1678.png 1 0 0 64 64
pos/1679.png 1 0 0 64 64
pos/168.png 1 0 0 64 64
pos/1680.png 1 0 0 64 64
pos/1681.png 1 0 0 64 64
pos/1682.png 1 0 0 64 64
pos/1683.png 1 0 0 64 64
pos/1684.png 1 0 0 64 64
pos/1685.png 1 0 0 64 64
pos/1686.png 1 0 0 64 64
pos/1687.png 1 0 0 64 64
pos/1688.png 1 0 0 64 64
pos/1689.png 1 0 0 64 64
pos/169.png 1 0 0 64 64
pos/1690.png 1 0 0 64 64
pos/1691.png 1 0 0 64 64
pos/1692.png 1 0 0 64 64
pos/1693.png 1 0 0 64 64
pos/1694.png 1 0 0 64 64
pos/1695.png 1 0 0 64 64
pos/1696.png 1 0 0 64 64
pos/1697.png 1 0 0 64 64
pos/1698.png 1 0 0 64 64
pos/1699.png 1 0 0 64 64
pos/17.png 1 0 0 64 64
pos/170.png 1 0 0 64 64
pos/1700.png 1 0 0 64 64
pos/1701.png 1 0 0 64 64
pos/1702.png 1 0 0 64 64
pos/1703.png 1 0 0 64 64
pos/1704.png 1 0 0 64 64
pos/1705.png 1 0 0 64 64
pos/1706.png 1 0 0 64 64
pos/1707.png 1 0 0 64 64
pos/1708.png 1 0 0 64 64
pos/1709.png 1 0 0 64 64
pos/171.png 1 0 0 64 64
pos/1710.png 1 0 0 64 64
pos/1711.png 1 0 0 64 64
pos/1712.png 1 0 0 64 64
pos/1713.png 1 0 0 64 64
pos/1714.png 1 0 0 64 64
pos/1715.png 1 0 0 64 64
pos/1716.png 1 0 0 64 64
pos/1717.png 1 0 0 64 64
pos/1718.png 1 0 0 64 64
pos/1719.png 1 0 0 64 64
pos/172.png 1 0 0 64 64
pos/1720.png 1 0 0 64 64
pos/1721.png 1 0 0 64 64
pos/1722.png 1 0 0 64 64
pos/1723.png 1 0 0 64 64
pos/1724.png 1 0 0 64 64
pos/1725.png 1 0 0 64 64
pos/1726.png 1 0 0 64 64
pos/1727.png 1 0 0 64 64
pos/1728.png 1 0 0 64 64
pos/1729.png 1 0 0 64 64
pos/173.png 1 0 0 64 64
pos/1730.png 1 0 0 64 64
pos/1731.png 1 0 0 64 64
pos/1732.png 1 0 0 64 64
pos/1733.png 1 0 0 64 64
pos/1734.png 1 0 0 64 64
pos/1735.png 1 0 0 64 64
pos/1736.png 1 0 0 64 64
pos/1737.png 1 0 0 64 64
pos/1738.png 1 0 0 64 64
pos/1739.png 1 0 0 64 64
pos/174.png 1 0 0 64 64
pos/1740.png 1 0 0 64 64
pos/1741.png 1 0 0 64 64
pos/1742.png 1 0 0 64 64
pos/1743.png 1 0 0 64 64
pos/1744.png 1 0 0 64 64
pos/1745.png 1 0 0 64 64
pos/1746.png 1 0 0 64 64
pos/1747.png 1 0 0 64 64
pos/1748.png 1 0 0 64 64
pos/1749.png 1 0 0 64 64
pos/175.png 1 0 0 64 64
pos/1750.png 1 0 0 64 64
pos/1751.png 1 0 0 64 64
pos/1752.png 1 0 0 64 64
pos/1753.png 1 0 0 64 64
pos/1754.png 1 0 0 64 64
pos/1755.png 1 0 0 64 64
pos/1756.png 1 0 0 64 64
pos/1757.png 1 0 0 64 64
pos/1758.png 1 0 0 64 64
pos/1759.png 1 0 0 64 64
pos/176.png 1 0 0 64 64
pos/1760.png 1 0 0 64 64
pos/1761.png 1 0 0 64 64
pos/1762.png 1 0 0 64 64
pos/1763.png 1 0 0 64 64
pos/1764.png 1 0 0 64 64
pos/1765.png 1 0 0 64 64
pos/1766.png 1 0 0 64 64
pos/1767.png 1 0 0 64 64
pos/1768.png 1 0 0 64 64
pos/1769.png 1 0 0 64 64
pos/177.png 1 0 0 64 64
pos/1770.png 1 0 0 64 64
pos/1771.png 1 0 0 64 64
pos/1772.png 1 0 0 64 64
pos/1773.png 1 0 0 64 64
pos/1774.png 1 0 0 64 64
pos/1775.png 1 0 0 64 64
pos/1776.png 1 0 0 64 64
pos/1777.png 1 0 0 64 64
pos/1778.png 1 0 0 64 64
pos/1779.png 1 0 0 64 64
pos/178.png 1 0 0 64 64
pos/1780.png 1 0 0 64 64
pos/1781.png 1 0 0 64 64
pos/1782.png 1 0 0 64 64
pos/1783.png 1 0 0 64 64
pos/1784.png 1 0 0 64 64
pos/1785.png 1 0 0 64 64
pos/1786.png 1 0 0 64 64
pos/1787.png 1 0 0 64 64
pos/1788.png 1 0 0 64 64
pos/1789.png 1 0 0 64 64
pos/179.png 1 0 0 64 64
pos/1790.png 1 0 0 64 64
pos/1791.png 1 0 0 64 64
pos/1792.png 1 0 0 64 64
pos/1793.png 1 0 0 64 64
pos/1794.png 1 0 0 64 64
pos/1795.png 1 0 0 64 64
pos/1796.png 1 0 0 64 64
pos/1797.png 1 0 0 64 64
pos/1798.png 1 0 0 64 64
pos/1799.png 1 0 0 64 64
pos/18.png 1 0 0 64 64
pos/180.png 1 0 0 64 64
pos/1800.png 1 0 0 64 64
pos/181.png 1 0 0 64 64
pos/182.png 1 0 0 64 64
pos/183.png 1 0 0 64 64
pos/184.png 1 0 0 64 64
pos/185.png 1 0 0 64 64
pos/186.png 1 0 0 64 64
pos/187.png 1 0 0 64 64
pos/188.png 1 0 0 64 64
pos/189.png 1 0 0 64 64
pos/19.png 1 0 0 64 64
pos/190.png 1 0 0 64 64
pos/191.png 1 0 0 64 64
pos/192.png 1 0 0 64 64
pos/193.png 1 0 0 64 64
pos/194.png 1 0 0 64 64
pos/195.png 1 0 0 64 64
pos/196.png 1 0 0 64 64
pos/197.png 1 0 0 64 64
pos/198.png 1 0 0 64 64
pos/199.png 1 0 0 64 64
pos/2.png 1 0 0 64 64
pos/20.png 1 0 0 64 64
pos/200.png 1 0 0 64 64
pos/201.png 1 0 0 64 64
pos/202.png 1 0 0 64 64
pos/203.png 1 0 0 64 64
pos/204.png 1 0 0 64 64
pos/205.png 1 0 0 64 64
pos/206.png 1 0 0 64 64
pos/207.png 1 0 0 64 64
pos/208.png 1 0 0 64 64
pos/209.png 1 0 0 64 64
pos/21.png 1 0 0 64 64
pos/210.png 1 0 0 64 64
pos/211.png 1 0 0 64 64
pos/212.png 1 0 0 64 64
pos/213.png 1 0 0 64 64
pos/214.png 1 0 0 64 64
pos/215.png 1 0 0 64 64
pos/216.png 1 0 0 64 64
pos/217.png 1 0 0 64 64
pos/218.png 1 0 0 64 64
pos/219.png 1 0 0 64 64
pos/22.png 1 0 0 64 64
pos/220.png 1 0 0 64 64
pos/221.png 1 0 0 64 64
pos/222.png 1 0 0 64 64
pos/223.png 1 0 0 64 64
pos/224.png 1 0 0 64 64
pos/225.png 1 0 0 64 64
pos/226.png 1 0 0 64 64
pos/227.png 1 0 0 64 64
pos/228.png 1 0 0 64 64
pos/229.png 1 0 0 64 64
pos/23.png 1 0 0 64 64
pos/230.png 1 0 0 64 64
pos/231.png 1 0 0 64 64
pos/232.png 1 0 0 64 64
pos/233.png 1 0 0 64 64
pos/234.png 1 0 0 64 64
pos/235.png 1 0 0 64 64
pos/236.png 1 0 0 64 64
pos/237.png 1 0 0 64 64
pos/238.png 1 0 0 64 64
pos/239.png 1 0 0 64 64
pos/24.png 1 0 0 64 64
pos/240.png 1 0 0 64 64
pos/241.png 1 0 0 64 64
pos/242.png 1 0 0 64 64
pos/243.png 1 0 0 64 64
pos/244.png 1 0 0 64 64
pos/245.png 1 0 0 64 64
pos/246.png 1 0 0 64 64
pos/247.png 1 0 0 64 64
pos/248.png 1 0 0 64 64
pos/249.png 1 0 0 64 64
pos/25.png 1 0 0 64 64
pos/250.png 1 0 0 64 64
pos/251.png 1 0 0 64 64
pos/252.png 1 0 0 64 64
pos/253.png 1 0 0 64 64
pos/254.png 1 0 0 64 64
pos/255.png 1 0 0 64 64
pos/256.png 1 0 0 64 64
pos/257.png 1 0 0 64 64
pos/258.png 1 0 0 64 64
pos/259.png 1 0 0 64 64
pos/26.png 1 0 0 64 64
pos/260.png 1 0 0 64 64
pos/261.png 1 0 0 64 64
pos/262.png 1 0 0 64 64
pos/263.png 1 0 0 64 64
pos/264.png 1 0 0 64 64
pos/265.png 1 0 0 64 64
pos/266.png 1 0 0 64 64
pos/267.png 1 0 0 64 64
pos/268.png 1 0 0 64 64
pos/269.png 1 0 0 64 64
pos/27.png 1 0 0 64 64
pos/270.png 1 0 0 64 64
pos/271.png 1 0 0 64 64
pos/272.png 1 0 0 64 64
pos/273.png 1 0 0 64 64
pos/274.png 1 0 0 64 64
pos/275.png 1 0 0 64 64
pos/276.png 1 0 0 64 64
pos/277.png 1 0 0 64 64
pos/278.png 1 0 0 64 64
pos/279.png 1 0 0 64 64
pos/28.png 1 0 0 64 64
pos/280.png 1 0 0 64 64
pos/281.png 1 0 0 64 64
pos/282.png 1 0 0 64 64
pos/283.png 1 0 0 64 64
pos/284.png 1 0 0 64 64
pos/285.png 1 0 0 64 64
pos/286.png 1 0 0 64 64
pos/287.png 1 0 0 64 64
pos/288.png 1 0 0 64 64
pos/289.png 1 0 0 64 64
pos/29.png 1 0 0 64 64
pos/290.png 1 0 0 64 64
pos/291.png 1 0 0 64 64
pos/292.png 1 0 0 64 64
pos/293.png 1 0 0 64 64
pos/294.png 1 0 0 64 64
pos/295.png 1 0 0 64 64
pos/296.png 1 0 0 64 64
pos/297.png 1 0 0 64 64
pos/298.png 1 0 0 64 64
pos/299.png 1 0 0 64 64
pos/3.png 1 0 0 64 64
pos/30.png 1 0 0 64 64
pos/300.png 1 0 0 64 64
pos/301.png 1 0 0 64 64
pos/302.png 1 0 0 64 64
pos/303.png 1 0 0 64 64
pos/304.png 1 0 0 64 64
pos/305.png 1 0 0 64 64
pos/306.png 1 0 0 64 64
pos/307.png 1 0 0 64 64
pos/308.png 1 0 0 64 64
pos/309.png 1 0 0 64 64
pos/31.png 1 0 0 64 64
pos/310.png 1 0 0 64 64
pos/311.png 1 0 0 64 64
pos/312.png 1 0 0 64 64
pos/313.png 1 0 0 64 64
pos/314.png 1 0 0 64 64
pos/315.png 1 0 0 64 64
pos/316.png 1 0 0 64 64
pos/317.png 1 0 0 64 64
pos/318.png 1 0 0 64 64
pos/319.png 1 0 0 64 64
pos/32.png 1 0 0 64 64
pos/320.png 1 0 0 64 64
pos/321.png 1 0 0 64 64
pos/322.png 1 0 0 64 64
pos/323.png 1 0 0 64 64
pos/324.png 1 0 0 64 64
pos/325.png 1 0 0 64 64
pos/326.png 1 0 0 64 64
pos/327.png 1 0 0 64 64
pos/328.png 1 0 0 64 64
pos/329.png 1 0 0 64 64
pos/33.png 1 0 0 64 64
pos/330.png 1 0 0 64 64
pos/331.png 1 0 0 64 64
pos/332.png 1 0 0 64 64
pos/333.png 1 0 0 64 64
pos/334.png 1 0 0 64 64
pos/335.png 1 0 0 64 64
pos/336.png 1 0 0 64 64
pos/337.png 1 0 0 64 64
pos/338.png 1 0 0 64 64
pos/339.png 1 0 0 64 64
pos/34.png 1 0 0 64 64
pos/340.png 1 0 0 64 64
pos/341.png 1 0 0 64 64
pos/342.png 1 0 0 64 64
pos/343.png 1 0 0 64 64
pos/344.png 1 0 0 64 64
pos/345.png 1 0 0 64 64
pos/346.png 1 0 0 64 64
pos/347.png 1 0 0 64 64
pos/348.png 1 0 0 64 64
pos/349.png 1 0 0 64 64
pos/35.png 1 0 0 64 64
pos/350.png 1 0 0 64 64
pos/351.png 1 0 0 64 64
pos/352.png 1 0 0 64 64
pos/353.png 1 0 0 64 64
pos/354.png 1 0 0 64 64
pos/355.png 1 0 0 64 64
pos/356.png 1 0 0 64 64
pos/357.png 1 0 0 64 64
pos/358.png 1 0 0 64 64
pos/359.png 1 0 0 64 64
pos/36.png 1 0 0 64 64
pos/360.png 1 0 0 64 64
pos/361.png 1 0 0 64 64
pos/362.png 1 0 0 64 64
pos/363.png 1 0 0 64 64
pos/364.png 1 0 0 64 64
pos/365.png 1 0 0 64 64
pos/366.png 1 0 0 64 64
pos/367.png 1 0 0 64 64
pos/368.png 1 0 0 64 64
pos/369.png 1 0 0 64 64
pos/37.png 1 0 0 64 64
pos/370.png 1 0 0 64 64
pos/371.png 1 0 0 64 64
pos/372.png 1 0 0 64 64
pos/373.png 1 0 0 64 64
pos/374.png 1 0 0 64 64
pos/375.png 1 0 0 64 64
pos/376.png 1 0 0 64 64
pos/377.png 1 0 0 64 64
pos/378.png 1 0 0 64 64
pos/379.png 1 0 0 64 64
pos/38.png 1 0 0 64 64
pos/380.png 1 0 0 64 64
pos/381.png 1 0 0 64 64
pos/382.png 1 0 0 64 64
pos/383.png 1 0 0 64 64
pos/384.png 1 0 0 64 64
pos/385.png 1 0 0 64 64
pos/386.png 1 0 0 64 64
pos/387.png 1 0 0 64 64
pos/388.png 1 0 0 64 64
pos/389.png 1 0 0 64 64
pos/39.png 1 0 0 64 64
pos/390.png 1 0 0 64 64
pos/391.png 1 0 0 64 64
pos/392.png 1 0 0 64 64
pos/393.png 1 0 0 64 64
pos/394.png 1 0 0 64 64
pos/395.png 1 0 0 64 64
pos/396.png 1 0 0 64 64
pos/397.png 1 0 0 64 64
pos/398.png 1 0 0 64 64
pos/399.png 1 0 0 64 64
pos/4.png 1 0 0 64 64
pos/40.png 1 0 0 64 64
pos/400.png 1 0 0 64 64
pos/401.png 1 0 0 64 64
pos/402.png 1 0 0 64 64
pos/403.png 1 0 0 64 64
pos/404.png 1 0 0 64 64
pos/405.png 1 0 0 64 64
pos/406.png 1 0 0 64 64
pos/407.png 1 0 0 64 64
pos/408.png 1 0 0 64 64
pos/409.png 1 0 0 64 64
pos/41.png 1 0 0 64 64
pos/410.png 1 0 0 64 64
pos/411.png 1 0 0 64 64
pos/412.png 1 0 0 64 64
pos/413.png 1 0 0 64 64
pos/414.png 1 0 0 64 64
pos/415.png 1 0 0 64 64
pos/416.png 1 0 0 64 64
pos/417.png 1 0 0 64 64
pos/418.png 1 0 0 64 64
pos/419.png 1 0 0 64 64
pos/42.png 1 0 0 64 64
pos/420.png 1 0 0 64 64
pos/421.png 1 0 0 64 64
pos/422.png 1 0 0 64 64
pos/423.png 1 0 0 64 64
pos/424.png 1 0 0 64 64
pos/425.png 1 0 0 64 64
pos/426.png 1 0 0 64 64
pos/427.png 1 0 0 64 64
pos/428.png 1 0 0 64 64
pos/429.png 1 0 0 64 64
pos/43.png 1 0 0 64 64
pos/430.png 1 0 0 64 64
pos/431.png 1 0 0 64 64
pos/432.png 1 0 0 64 64
pos/433.png 1 0 0 64 64
pos/434.png 1 0 0 64 64
pos/435.png 1 0 0 64 64
pos/436.png 1 0 0 64 64
pos/437.png 1 0 0 64 64
pos/438.png 1 0 0 64 64
pos/439.png 1 0 0 64 64
pos/44.png 1 0 0 64 64
pos/440.png 1 0 0 64 64
pos/441.png 1 0 0 64 64
pos/442.png 1 0 0 64 64
pos/443.png 1 0 0 64 64
pos/444.png 1 0 0 64 64
pos/445.png 1 0 0 64 64
pos/446.png 1 0 0 64 64
pos/447.png 1 0 0 64 64
pos/448.png 1 0 0 64 64
pos/449.png 1 0 0 64 64
pos/45.png 1 0 0 64 64
pos/450.png 1 0 0 64 64
pos/451.png 1 0 0 64 64
pos/452.png 1 0 0 64 64
pos/453.png 1 0 0 64 64
pos/454.png 1 0 0 64 64
pos/455.png 1 0 0 64 64
pos/456.png 1 0 0 64 64
pos/457.png 1 0 0 64 64
pos/458.png 1 0 0 64 64
pos/459.png 1 0 0 64 64
pos/46.png 1 0 0 64 64
pos/460.png 1 0 0 64 64
pos/461.png 1 0 0 64 64
pos/462.png 1 0 0 64 64
pos/463.png 1 0 0 64 64
pos/464.png 1 0 0 64 64
pos/465.png 1 0 0 64 64
pos/466.png 1 0 0 64 64
pos/467.png 1 0 0 64 64
pos/468.png 1 0 0 64 64
pos/469.png 1 0 0 64 64
pos/47.png 1 0 0 64 64
pos/470.png 1 0 0 64 64
pos/471.png 1 0 0 64 64
pos/472.png 1 0 0 64 64
pos/473.png 1 0 0 64 64
pos/474.png 1 0 0 64 64
pos/475.png 1 0 0 64 64
pos/476.png 1 0 0 64 64
pos/477.png 1 0 0 64 64
pos/478.png 1 0 0 64 64
pos/479.png 1 0 0 64 64
pos/48.png 1 0 0 64 64
pos/480.png 1 0 0 64 64
pos/481.png 1 0 0 64 64
pos/482.png 1 0 0 64 64
pos/483.png 1 0 0 64 64
pos/484.png 1 0 0 64 64
pos/485.png 1 0 0 64 64
pos/486.png 1 0 0 64 64
pos/487.png 1 0 0 64 64
pos/488.png 1 0 0 64 64
pos/489.png 1 0 0 64 64
pos/49.png 1 0 0 64 64
pos/490.png 1 0 0 64 64
pos/491.png 1 0 0 64 64
pos/492.png 1 0 0 64 64
pos/493.png 1 0 0 64 64
pos/494.png 1 0 0 64 64
pos/495.png 1 0 0 64 64
pos/496.png 1 0 0 64 64
pos/497.png 1 0 0 64 64
pos/498.png 1 0 0 64 64
pos/499.png 1 0 0 64 64
pos/5.png 1 0 0 64 64
pos/50.png 1 0 0 64 64
pos/500.png 1 0 0 64 64
pos/501.png 1 0 0 64 64
pos/502.png 1 0 0 64 64
pos/503.png 1 0 0 64 64
pos/504.png 1 0 0 64 64
pos/505.png 1 0 0 64 64
pos/506.png 1 0 0 64 64
pos/507.png 1 0 0 64 64
pos/508.png 1 0 0 64 64
pos/509.png 1 0 0 64 64
pos/51.png 1 0 0 64 64
pos/510.png 1 0 0 64 64
pos/511.png 1 0 0 64 64
pos/512.png 1 0 0 64 64
pos/513.png 1 0 0 64 64
pos/514.png 1 0 0 64 64
pos/515.png 1 0 0 64 64
pos/516.png 1 0 0 64 64
pos/517.png 1 0 0 64 64
pos/518.png 1 0 0 64 64
pos/519.png 1 0 0 64 64
pos/52.png 1 0 0 64 64
pos/520.png 1 0 0 64 64
pos/521.png 1 0 0 64 64
pos/522.png 1 0 0 64 64
pos/523.png 1 0 0 64 64
pos/524.png 1 0 0 64 64
pos/525.png 1 0 0 64 64
pos/526.png 1 0 0 64 64
pos/527.png 1 0 0 64 64
pos/528.png 1 0 0 64 64
pos/529.png 1 0 0 64 64
pos/53.png 1 0 0 64 64
pos/530.png 1 0 0 64 64
pos/531.png 1 0 0 64 64
pos/532.png 1 0 0 64 64
pos/533.png 1 0 0 64 64
pos/534.png 1 0 0 64 64
pos/535.png 1 0 0 64 64
pos/536.png 1 0 0 64 64
pos/537.png 1 0 0 64 64
pos/538.png 1 0 0 64 64
pos/539.png 1 0 0 64 64
pos/54.png 1 0 0 64 64
pos/540.png 1 0 0 64 64
pos/541.png 1 0 0 64 64
pos/542.png 1 0 0 64 64
pos/543.png 1 0 0 64 64
pos/544.png 1 0 0 64 64
pos/545.png 1 0 0 64 64
pos/546.png 1 0 0 64 64
pos/547.png 1 0 0 64 64
pos/548.png 1 0 0 64 64
pos/549.png 1 0 0 64 64
pos/55.png 1 0 0 64 64
pos/550.png 1 0 0 64 64
pos/551.png 1 0 0 64 64
pos/552.png 1 0 0 64 64
pos/553.png 1 0 0 64 64
pos/554.png 1 0 0 64 64
pos/555.png 1 0 0 64 64
pos/556.png 1 0 0 64 64
pos/557.png 1 0 0 64 64
pos/558.png 1 0 0 64 64
pos/559.png 1 0 0 64 64
pos/56.png 1 0 0 64 64
pos/560.png 1 0 0 64 64
pos/561.png 1 0 0 64 64
pos/562.png 1 0 0 64 64
pos/563.png 1 0 0 64 64
pos/564.png 1 0 0 64 64
pos/565.png 1 0 0 64 64
pos/566.png 1 0 0 64 64
pos/567.png 1 0 0 64 64
pos/568.png 1 0 0 64 64
pos/569.png 1 0 0 64 64
pos/57.png 1 0 0 64 64
pos/570.png 1 0 0 64 64
pos/571.png 1 0 0 64 64
pos/572.png 1 0 0 64 64
pos/573.png 1 0 0 64 64
pos/574.png 1 0 0 64 64
pos/575.png 1 0 0 64 64
pos/576.png 1 0 0 64 64
pos/577.png 1 0 0 64 64
pos/578.png 1 0 0 64 64
pos/579.png 1 0 0 64 64
pos/58.png 1 0 0 64 64
pos/580.png 1 0 0 64 64
pos/581.png 1 0 0 64 64
pos/582.png 1 0 0 64 64
pos/583.png 1 0 0 64 64
pos/584.png 1 0 0 64 64
pos/585.png 1 0 0 64 64
pos/586.png 1 0 0 64 64
pos/587.png 1 0 0 64 64
pos/588.png 1 0 0 64 64
pos/589.png 1 0 0 64 64
pos/59.png 1 0 0 64 64
pos/590.png 1 0 0 64 64
pos/591.png 1 0 0 64 64
pos/592.png 1 0 0 64 64
pos/593.png 1 0 0 64 64
pos/594.png 1 0 0 64 64
pos/595.png 1 0 0 64 64
pos/596.png 1 0 0 64 64
pos/597.png 1 0 0 64 64
pos/598.png 1 0 0 64 64
pos/599.png 1 0 0 64 64
pos/6.png 1 0 0 64 64
pos/60.png 1 0 0 64 64
pos/600.png 1 0 0 64 64
pos/601.png 1 0 0 64 64
pos/602.png 1 0 0 64 64
pos/603.png 1 0 0 64 64
pos/604.png 1 0 0 64 64
pos/605.png 1 0 0 64 64
pos/606.png 1 0 0 64 64
pos/607.png 1 0 0 64 64
pos/608.png 1 0 0 64 64
pos/609.png 1 0 0 64 64
pos/61.png 1 0 0 64 64
pos/610.png 1 0 0 64 64
pos/611.png 1 0 0 64 64
pos/612.png 1 0 0 64 64
pos/613.png 1 0 0 64 64
pos/614.png 1 0 0 64 64
pos/615.png 1 0 0 64 64
pos/616.png 1 0 0 64 64
pos/617.png 1 0 0 64 64
pos/618.png 1 0 0 64 64
pos/619.png 1 0 0 64 64
pos/62.png 1 0 0 64 64
pos/620.png 1 0 0 64 64
pos/621.png 1 0 0 64 64
pos/622.png 1 0 0 64 64
pos/623.png 1 0 0 64 64
pos/624.png 1 0 0 64 64
pos/625.png 1 0 0 64 64
pos/626.png 1 0 0 64 64
pos/627.png 1 0 0 64 64
pos/628.png 1 0 0 64 64
pos/629.png 1 0 0 64 64
pos/63.png 1 0 0 64 64
pos/630.png 1 0 0 64 64
pos/631.png 1 0 0 64 64
pos/632.png 1 0 0 64 64
pos/633.png 1 0 0 64 64
pos/634.png 1 0 0 64 64
pos/635.png 1 0 0 64 64
pos/636.png 1 0 0 64 64
pos/637.png 1 0 0 64 64
pos/638.png 1 0 0 64 64
pos/639.png 1 0 0 64 64
pos/64.png 1 0 0 64 64
pos/640.png 1 0 0 64 64
pos/641.png 1 0 0 64 64
pos/642.png 1 0 0 64 64
pos/643.png 1 0 0 64 64
pos/644.png 1 0 0 64 64
pos/645.png 1 0 0 64 64
pos/646.png 1 0 0 64 64
pos/647.png 1 0 0 64 64
pos/648.png 1 0 0 64 64
pos/649.png 1 0 0 64 64
pos/65.png 1 0 0 64 64
pos/650.png 1 0 0 64 64
pos/651.png 1 0 0 64 64
pos/652.png 1 0 0 64 64
pos/653.png 1 0 0 64 64
pos/654.png 1 0 0 64 64
pos/655.png 1 0 0 64 64
pos/656.png 1 0 0 64 64
pos/657.png 1 0 0 64 64
pos/658.png 1 0 0 64 64
pos/659.png 1 0 0 64 64
pos/66.png 1 0 0 64 64
pos/660.png 1 0 0 64 64
pos/661.png 1 0 0 64 64
pos/662.png 1 0 0 64 64
pos/663.png 1 0 0 64 64
pos/664.png 1 0 0 64 64
pos/665.png 1 0 0 64 64
pos/666.png 1 0 0 64 64
pos/667.png 1 0 0 64 64
pos/668.png 1 0 0 64 64
pos/669.png 1 0 0 64 64
pos/67.png 1 0 0 64 64
pos/670.png 1 0 0 64 64
pos/671.png 1 0 0 64 64
pos/672.png 1 0 0 64 64
pos/673.png 1 0 0 64 64
pos/674.png 1 0 0 64 64
pos/675.png 1 0 0 64 64
pos/676.png 1 0 0 64 64
pos/677.png 1 0 0 64 64
pos/678.png 1 0 0 64 64
pos/679.png 1 0 0 64 64
pos/68.png 1 0 0 64 64
pos/680.png 1 0 0 64 64
pos/681.png 1 0 0 64 64
pos/682.png 1 0 0 64 64
pos/683.png 1 0 0 64 64
pos/684.png 1 0 0 64 64
pos/685.png 1 0 0 64 64
pos/686.png 1 0 0 64 64
pos/687.png 1 0 0 64 64
pos/688.png 1 0 0 64 64
pos/689.png 1 0 0 64 64
pos/69.png 1 0 0 64 64
pos/690.png 1 0 0 64 64
pos/691.png 1 0 0 64 64
pos/692.png 1 0 0 64 64
pos/693.png 1 0 0 64 64
pos/694.png 1 0 0 64 64
pos/695.png 1 0 0 64 64
pos/696.png 1 0 0 64 64
pos/697.png 1 0 0 64 64
pos/698.png 1 0 0 64 64
pos/699.png 1 0 0 64 64
pos/7.png 1 0 0 64 64
pos/70.png 1 0 0 64 64
pos/700.png 1 0 0 64 64
pos/701.png 1 0 0 64 64
pos/702.png 1 0 0 64 64
pos/703.png 1 0 0 64 64
pos/704.png 1 0 0 64 64
pos/705.png 1 0 0 64 64
pos/706.png 1 0 0 64 64
pos/707.png 1 0 0 64 64
pos/708.png 1 0 0 64 64
pos/709.png 1 0 0 64 64
pos/71.png 1 0 0 64 64
pos/710.png 1 0 0 64 64
pos/711.png 1 0 0 64 64
pos/712.png 1 0 0 64 64
pos/713.png 1 0 0 64 64
pos/714.png 1 0 0 64 64
pos/715.png 1 0 0 64 64
pos/716.png 1 0 0 64 64
pos/717.png 1 0 0 64 64
pos/718.png 1 0 0 64 64
pos/719.png 1 0 0 64 64
pos/72.png 1 0 0 64 64
pos/720.png 1 0 0 64 64
pos/721.png 1 0 0 64 64
pos/722.png 1 0 0 64 64
pos/723.png 1 0 0 64 64
pos/724.png 1 0 0 64 64
pos/725.png 1 0 0 64 64
pos/726.png 1 0 0 64 64
pos/727.png 1 0 0 64 64
pos/728.png 1 0 0 64 64
pos/729.png 1 0 0 64 64
pos/73.png 1 0 0 64 64
pos/730.png 1 0 0 64 64
pos/731.png 1 0 0 64 64
pos/732.png 1 0 0 64 64
pos/733.png 1 0 0 64 64
pos/734.png 1 0 0 64 64
pos/735.png 1 0 0 64 64
pos/736.png 1 0 0 64 64
pos/737.png 1 0 0 64 64
pos/738.png 1 0 0 64 64
pos/739.png 1 0 0 64 64
pos/74.png 1 0 0 64 64
pos/740.png 1 0 0 64 64
pos/741.png 1 0 0 64 64
pos/742.png 1 0 0 64 64
pos/743.png 1 0 0 64 64
pos/744.png 1 0 0 64 64
pos/745.png 1 0 0 64 64
pos/746.png 1 0 0 64 64
pos/747.png 1 0 0 64 64
pos/748.png 1 0 0 64 64
pos/749.png 1 0 0 64 64
pos/75.png 1 0 0 64 64
pos/750.png 1 0 0 64 64
pos/751.png 1 0 0 64 64
pos/752.png 1 0 0 64 64
pos/753.png 1 0 0 64 64
pos/754.png 1 0 0 64 64
pos/755.png 1 0 0 64 64
pos/756.png 1 0 0 64 64
pos/757.png 1 0 0 64 64
pos/758.png 1 0 0 64 64
pos/759.png 1 0 0 64 64
pos/76.png 1 0 0 64 64
pos/760.png 1 0 0 64 64
pos/761.png 1 0 0 64 64
pos/762.png 1 0 0 64 64
pos/763.png 1 0 0 64 64
pos/764.png 1 0 0 64 64
pos/765.png 1 0 0 64 64
pos/766.png 1 0 0 64 64
pos/767.png 1 0 0 64 64
pos/768.png 1 0 0 64 64
pos/769.png 1 0 0 64 64
pos/77.png 1 0 0 64 64
pos/770.png 1 0 0 64 64
pos/771.png 1 0 0 64 64
pos/772.png 1 0 0 64 64
pos/773.png 1 0 0 64 64
pos/774.png 1 0 0 64 64
pos/775.png 1 0 0 64 64
pos/776.png 1 0 0 64 64
pos/777.png 1 0 0 64 64
pos/778.png 1 0 0 64 64
pos/779.png 1 0 0 64 64
pos/78.png 1 0 0 64 64
pos/780.png 1 0 0 64 64
pos/781.png 1 0 0 64 64
pos/782.png 1 0 0 64 64
pos/783.png 1 0 0 64 64
pos/784.png 1 0 0 64 64
pos/785.png 1 0 0 64 64
pos/786.png 1 0 0 64 64
pos/787.png 1 0 0 64 64
pos/788.png 1 0 0 64 64
pos/789.png 1 0 0 64 64
pos/79.png 1 0 0 64 64
pos/790.png 1 0 0 64 64
pos/791.png 1 0 0 64 64
pos/792.png 1 0 0 64 64
pos/793.png 1 0 0 64 64
pos/794.png 1 0 0 64 64
pos/795.png 1 0 0 64 64
pos/796.png 1 0 0 64 64
pos/797.png 1 0 0 64 64
pos/798.png 1 0 0 64 64
pos/799.png 1 0 0 64 64
pos/8.png 1 0 0 64 64
pos/80.png 1 0 0 64 64
pos/800.png 1 0 0 64 64
pos/801.png 1 0 0 64 64
pos/802.png 1 0 0 64 64
pos/803.png 1 0 0 64 64
pos/804.png 1 0 0 64 64
pos/805.png 1 0 0 64 64
pos/806.png 1 0 0 64 64
pos/807.png 1 0 0 64 64
pos/808.png 1 0 0 64 64
pos/809.png 1 0 0 64 64
pos/81.png 1 0 0 64 64
pos/810.png 1 0 0 64 64
pos/811.png 1 0 0 64 64
pos/812.png 1 0 0 64 64
pos/813.png 1 0 0 64 64
pos/814.png 1 0 0 64 64
pos/815.png 1 0 0 64 64
pos/816.png 1 0 0 64 64
pos/817.png 1 0 0 64 64
pos/818.png 1 0 0 64 64
pos/819.png 1 0 0 64 64
pos/82.png 1 0 0 64 64
pos/820.png 1 0 0 64 64
pos/821.png 1 0 0 64 64
pos/822.png 1 0 0 64 64
pos/823.png 1 0 0 64 64
pos/824.png 1 0 0 64 64
pos/825.png 1 0 0 64 64
pos/826.png 1 0 0 64 64
pos/827.png 1 0 0 64 64
pos/828.png 1 0 0 64 64
pos/829.png 1 0 0 64 64
pos/83.png 1 0 0 64 64
pos/830.png 1 0 0 64 64
pos/831.png 1 0 0 64 64
pos/832.png 1 0 0 64 64
pos/833.png 1 0 0 64 64
pos/834.png 1 0 0 64 64
pos/835.png 1 0 0 64 64
pos/836.png 1 0 0 64 64
pos/837.png 1 0 0 64 64
pos/838.png 1 0 0 64 64
pos/839.png 1 0 0 64 64
pos/84.png 1 0 0 64 64
pos/840.png 1 0 0 64 64
pos/841.png 1 0 0 64 64
pos/842.png 1 0 0 64 64
pos/843.png 1 0 0 64 64
pos/844.png 1 0 0 64 64
pos/845.png 1 0 0 64 64
pos/846.png 1 0 0 64 64
pos/847.png 1 0 0 64 64
pos/848.png 1 0 0 64 64
pos/849.png 1 0 0 64 64
pos/85.png 1 0 0 64 64
pos/850.png 1 0 0 64 64
pos/851.png 1 0 0 64 64
pos/852.png 1 0 0 64 64
pos/853.png 1 0 0 64 64
pos/854.png 1 0 0 64 64
pos/855.png 1 0 0 64 64
pos/856.png 1 0 0 64 64
pos/857.png 1 0 0 64 64
pos/858.png 1 0 0 64 64
pos/859.png 1 0 0 64 64
pos/86.png 1 0 0 64 64
pos/860.png 1 0 0 64 64
pos/861.png 1 0 0 64 64
pos/862.png 1 0 0 64 64
pos/863.png 1 0 0 64 64
pos/864.png 1 0 0 64 64
pos/865.png 1 0 0 64 64
pos/866.png 1 0 0 64 64
pos/867.png 1 0 0 64 64
pos/868.png 1 0 0 64 64
pos/869.png 1 0 0 64 64
pos/87.png 1 0 0 64 64
pos/870.png 1 0 0 64 64
pos/871.png 1 0 0 64 64
pos/872.png 1 0 0 64 64
pos/873.png 1 0 0 64 64
pos/874.png 1 0 0 64 64
pos/875.png 1 0 0 64 64
pos/876.png 1 0 0 64 64
pos/877.png 1 0 0 64 64
pos/878.png 1 0 0 64 64
pos/879.png 1 0 0 64 64
pos/88.png 1 0 0 64 64
pos/880.png 1 0 0 64 64
pos/881.png 1 0 0 64 64
pos/882.png 1 0 0 64 64
pos/883.png 1 0 0 64 64
pos/884.png 1 0 0 64 64
pos/885.png 1 0 0 64 64
pos/886.png 1 0 0 64 64
pos/887.png 1 0 0 64 64
pos/888.png 1 0 0 64 64
pos/889.png 1 0 0 64 64
pos/89.png 1 0 0 64 64
pos/890.png 1 0 0 64 64
pos/891.png 1 0 0 64 64
pos/892.png 1 0 0 64 64
pos/893.png 1 0 0 64 64
pos/894.png 1 0 0 64 64
pos/895.png 1 0 0 64 64
pos/896.png 1 0 0 64 64
pos/897.png 1 0 0 64 64
pos/898.png 1 0 0 64 64
pos/899.png 1 0 0 64 64
pos/9.png 1 0 0 64 64
pos/90.png 1 0 0 64 64
pos/900.png 1 0 0 64 64
pos/901.png 1 0 0 64 64
pos/902.png 1 0 0 64 64
pos/903.png 1 0 0 64 64
pos/904.png 1 0 0 64 64
pos/905.png 1 0 0 64 64
pos/906.png 1 0 0 64 64
pos/907.png 1 0 0 64 64
pos/908.png 1 0 0 64 64
pos/909.png 1 0 0 64 64
pos/91.png 1 0 0 64 64
pos/910.png 1 0 0 64 64
pos/911.png 1 0 0 64 64
pos/912.png 1 0 0 64 64
pos/913.png 1 0 0 64 64
pos/914.png 1 0 0 64 64
pos/915.png 1 0 0 64 64
pos/916.png 1 0 0 64 64
pos/917.png 1 0 0 64 64
pos/918.png 1 0 0 64 64
pos/919.png 1 0 0 64 64
pos/92.png 1 0 0 64 64
pos/920.png 1 0 0 64 64
pos/921.png 1 0 0 64 64
pos/922.png 1 0 0 64 64
pos/923.png 1 0 0 64 64
pos/924.png 1 0 0 64 64
pos/925.png 1 0 0 64 64
pos/926.png 1 0 0 64 64
pos/927.png 1 0 0 64 64
pos/928.png 1 0 0 64 64
pos/929.png 1 0 0 64 64
pos/93.png 1 0 0 64 64
pos/930.png 1 0 0 64 64
pos/931.png 1 0 0 64 64
pos/932.png 1 0 0 64 64
pos/933.png 1 0 0 64 64
pos/934.png 1 0 0 64 64
pos/935.png 1 0 0 64 64
pos/936.png 1 0 0 64 64
pos/937.png 1 0 0 64 64
pos/938.png 1 0 0 64 64
pos/939.png 1 0 0 64 64
pos/94.png 1 0 0 64 64
pos/940.png 1 0 0 64 64
pos/941.png 1 0 0 64 64
pos/942.png 1 0 0 64 64
pos/943.png 1 0 0 64 64
pos/944.png 1 0 0 64 64
pos/945.png 1 0 0 64 64
pos/946.png 1 0 0 64 64
pos/947.png 1 0 0 64 64
pos/948.png 1 0 0 64 64
pos/949.png 1 0 0 64 64
pos/95.png 1 0 0 64 64
pos/950.png 1 0 0 64 64
pos/951.png 1 0 0 64 64
pos/952.png 1 0 0 64 64
pos/953.png 1 0 0 64 64
pos/954.png 1 0 0 64 64
pos/955.png 1 0 0 64 64
pos/956.png 1 0 0 64 64
pos/957.png 1 0 0 64 64
pos/958.png 1 0 0 64 64
pos/959.png 1 0 0 64 64
pos/96.png 1 0 0 64 64
pos/960.png 1 0 0 64 64
pos/961.png 1 0 0 64 64
pos/962.png 1 0 0 64 64
pos/963.png 1 0 0 64 64
pos/964.png 1 0 0 64 64
pos/965.png 1 0 0 64 64
pos/966.png 1 0 0 64 64
pos/967.png 1 0 0 64 64
pos/968.png 1 0 0 64 64
pos/969.png 1 0 0 64 64
pos/97.png 1 0 0 64 64
pos/970.png 1 0 0 64 64
pos/971.png 1 0 0 64 64
pos/972.png 1 0 0 64 64
pos/973.png 1 0 0 64 64
pos/974.png 1 0 0 64 64
pos/975.png 1 0 0 64 64
pos/976.png 1 0 0 64 64
pos/977.png 1 0 0 64 64
pos/978.png 1 0 0 64 64
pos/979.png 1 0 0 64 64
pos/98.png 1 0 0 64 64
pos/980.png 1 0 0 64 64
pos/981.png 1 0 0 64 64
pos/982.png 1 0 0 64 64
pos/983.png 1 0 0 64 64
pos/984.png 1 0 0 64 64
pos/985.png 1 0 0 64 64
pos/986.png 1 0 0 64 64
pos/987.png 1 0 0 64 64
pos/988.png 1 0 0 64 64
pos/989.png 1 0 0 64 64
pos/99.png 1 0 0 64 64
pos/990.png 1 0 0 64 64
pos/991.png 1 0 0 64 64
pos/992.png 1 0 0 64 64
pos/993.png 1 0 0 64 64
pos/994.png 1 0 0 64 64
pos/995.png 1 0 0 64 64
pos/996.png 1 0 0 64 64
pos/997.png 1 0 0 64 64
pos/998.png 1 0 0 64 64
pos/999.png 1 0 0 64 64
